MPASM 5.72                MAIN_SECUENCIA.ASM   3-23-2017  0:03:07         PAGE  1


LOC  OBJECT CODE     LINE SOURCE TEXT
  VALUE

Warning[205]: Found directive in column 1. (LIST)
                      00001 LIST p = 16f887
                      00002 
                      00003     #include "p16f887.inc"
                      00001         LIST
                      00002 
                      00003 ;==========================================================================
                      00004 ; Build date : Jan 30 2017
                      00005 ;  MPASM PIC16F887 processor include
                      00006 ; 
                      00007 ;  (c) Copyright 1999-2017 Microchip Technology, All rights reserved
                      00008 ;==========================================================================
                      00009 
                      00810         LIST
                      00004 
                      00005     cblock  0x20
                      00006 ; declaracion de variables
  00000020            00007     cont1           ;variable usada para retardos
  00000021            00008     cont2           ;variable usada para retardos
  00000022            00009     cont3           ;variable usada para retardos
  00000023            00010     retardo         ;variable usada para retardos    
  00000024            00011     cont_seg        ;variable usada para retardos
  00000025            00012     pos_tabla       ;posicion de inicio de la tabla
  00000026            00013     ciclos_secuencia ;nuemro de ciclos por secuencia
  00000027            00014     num_secuencias  ;numero de secuencias
  00000028            00015     repeticiones    ;numero de veces que se repite la secuencia
  00000029            00016     valor_secuencia ;indica el retardo de la secuencia
  0000002A            00017     corrimientos    ;indica cuantos corrimientos se haran
  0000002B            00018     comprobaciones  ;variable usada para almacenar el resultado de verificacion
                      00019 
                      00020 
                      00021     endc
                      00022 
                      00023     org .0
0000   2???           00024     call osc_conf   ;configura el oscilador
0001   2???           00025     call port_conf  ;configura los puertos
                      00026     
0002                  00027 inicio:
                      00028     
0002                  00029 revisar:
0002   3000           00030     movlw   0x00
0003   0609           00031     xorwf   PORTE,w
0004   1903           00032     btfsc   STATUS,Z
0005   2???           00033     call    op1
0006   3001           00034     movlw   0x01
0007   0609           00035     xorwf   PORTE,w
0008   1903           00036     btfsc   STATUS,Z
0009   2???           00037     call    corrimiento_derecha
000A   3002           00038     movlw   0x02
000B   0609           00039     xorwf   PORTE,w
000C   1903           00040     btfsc   STATUS,Z
000D   2???           00041     call    corrimiento_izquierda
000E   3003           00042     movlw   0x03
MPASM 5.72                MAIN_SECUENCIA.ASM   3-23-2017  0:03:07         PAGE  2


LOC  OBJECT CODE     LINE SOURCE TEXT
  VALUE

000F   0609           00043     xorwf   PORTE,w
0010   1903           00044     btfsc   STATUS,Z
0011   2???           00045     call    secuencia
0012   2???           00046     goto    inicio
                      00047     
Warning[207]: Found label after column 1. (op1)
0013                  00048     op1:
0013   3000           00049     movlw   0x00
0014   0087           00050     movwf   PORTC
0015   0088           00051     movwf   PORTD
0016   0008           00052     return
Warning[207]: Found label after column 1. (op2)
0017                  00053     op2:
0017   300F           00054     movlw   0x0f
0018   0087           00055     movwf   PORTC
0019   0008           00056     return
Warning[207]: Found label after column 1. (op3)
001A                  00057     op3:
001A   30F0           00058     movlw   0xf0
001B   0087           00059     movwf   PORTC
001C   0008           00060     return
Warning[207]: Found label after column 1. (op4)
001D                  00061     op4:
001D   30FF           00062     movlw   0xff
001E   0087           00063     movwf   PORTC
001F   0008           00064     return
                      00065     
                      00066 
                      00067 #include "configuracion.inc"
Warning[207]: Found label after column 1. (CONFIG1)
0020                  00001  CONFIG1
                      00002     ; __config 0xE3F4
2007   23F4           00003      __CONFIG _CONFIG1, _FOSC_INTRC_NOCLKOUT & _WDTE_OFF & _PWRTE_OFF & _MCLRE_ON & _CP_OFF & _CPD_OFF &
                             _BOREN_ON & _IESO_OFF & _FCMEN_OFF & _LVP_OFF
                      00004     ; CONFIG2
                      00005     ; __config 0xFEFF
2008   3EFF           00006      __CONFIG _CONFIG2, _BOR4V_BOR21V & _WRT_OFF
                      00007     ;  __CONFIG _CONFIG2,        0xFEFF
                      00008 
                      00009 #include "p16F887.inc"
                      00811         LIST
                      00812 
                      00813 ;==========================================================================
                      00814 ; Build date : Jan 30 2017
                      00815 ;  MPASM PIC16F887 processor include
                      00816 ; 
                      00817 ;  (c) Copyright 1999-2017 Microchip Technology, All rights reserved
                      00818 ;==========================================================================
                      00819 
Message[310]: Superseding current maximum RAM and RAM map.
                      01620         LIST
                      00010 
                      00011 ; CONFIG1
MPASM 5.72                MAIN_SECUENCIA.ASM   3-23-2017  0:03:07         PAGE  3


LOC  OBJECT CODE     LINE SOURCE TEXT
  VALUE

                      00012 ; __config 0xFFF2
                      00013 ; __CONFIG _CONFIG1, _FOSC_HS & _WDTE_OFF & _PWRTE_OFF & _MCLRE_ON & _CP_OFF & _CPD_OFF & _BOREN_ON & _I
                            ESO_ON & _FCMEN_ON & _LVP_ON
                      00014 ; CONFIG2
                      00015 ; __config 0xFFFF
                      00016 ; __CONFIG _CONFIG2, _BOR4V_BOR40V & _WRT_OFF
                      00017 
0020                  00018 osc_conf:
0020   1683           00019     bsf STATUS,RP0
0021   1303           00020     bcf STATUS,RP1
0022   30F1           00021     movlw   0xf1    
0023   308F           00022     movlw   OSCCON
0024   1283 1303      00023     banksel PORTA
0026   0008           00024     return
                      00025 
0027                  00026 port_conf:
0027   1683 1303      00027     banksel TRISA
0029   30FF           00028     movlw b'11111111'
Message[302]: Register in operand not in bank 0.  Ensure that bank bits are correct.
002A   0085           00029     movwf TRISA
Message[302]: Register in operand not in bank 0.  Ensure that bank bits are correct.
002B   0086           00030     movwf TRISB
Message[302]: Register in operand not in bank 0.  Ensure that bank bits are correct.
002C   0187           00031     clrf  TRISC
Message[302]: Register in operand not in bank 0.  Ensure that bank bits are correct.
002D   0188           00032     clrf  TRISD
002E   300F           00033     movlw b'00001111'
Message[302]: Register in operand not in bank 0.  Ensure that bank bits are correct.
002F   0089           00034     movwf TRISE
0030   1703           00035     bsf   STATUS,RP1
Message[302]: Register in operand not in bank 0.  Ensure that bank bits are correct.
0031   0188           00036     clrf  ANSEL
Message[302]: Register in operand not in bank 0.  Ensure that bank bits are correct.
0032   0189           00037     clrf  ANSELH
                      00038 ;   leer y escribir de los puertos
0033   1283           00039     bcf STATUS,RP0
0034   1303           00040     bcf STATUS,RP1
                      00041 
0035   0008           00042     return
                      00043 
                      00044 
                      00068 #include "retardos.inc"
0036                  00001 retardo_5ms:
0036   3014           00002     movlw .20   ;   1   A
0037   00A0           00003     movwf cont1 ;   1
0038                  00004 ciclo2:
0038   3008           00005     movlw .8    ;   1   B
0039   00A1           00006     movwf cont2 ;   1
003A                  00007 ciclo1:
003A   3013           00008     movlw .19   ;   1   C
003B   00A2           00009     movwf cont3 ;   1
Message[305]: Using default destination of 1 (file).
003C   0BA2           00010     decfsz cont3;   1(2)
MPASM 5.72                MAIN_SECUENCIA.ASM   3-23-2017  0:03:07         PAGE  4


LOC  OBJECT CODE     LINE SOURCE TEXT
  VALUE

003D   2???           00011     goto $-1    ;   2
Message[305]: Using default destination of 1 (file).
003E   0BA1           00012     decfsz cont2;   1(2)
003F   2???           00013     goto ciclo1 ;   2
Message[305]: Using default destination of 1 (file).
0040   0BA0           00014     decfsz cont1;   1(2)
0041   2???           00015     goto ciclo2 ;   2
0042   0008           00016     return
                      00017     
0043                  00018 retardo_25ms:
0043   300A           00019     movlw   .10
0044   00A4           00020     movwf   cont_seg
0045   2???           00021     call    retardo_5ms
Message[305]: Using default destination of 1 (file).
0046   0BA4           00022     decfsz  cont_seg
0047   2???           00023     goto    $-2
0048   0008           00024     return
                      00025 
0049                  00026 retardo_50ms:
0049   3014           00027     movlw   .20
004A   00A4           00028     movwf   cont_seg
004B   2???           00029     call    retardo_5ms
Message[305]: Using default destination of 1 (file).
004C   0BA4           00030     decfsz  cont_seg
004D   2???           00031     goto    $-2
004E   0008           00032     return
                      00033 
004F                  00034 retardo_500ms:
004F   3064           00035     movlw   .100
0050   00A4           00036     movwf   cont_seg
0051   2???           00037     call    retardo_5ms
Message[305]: Using default destination of 1 (file).
0052   0BA4           00038     decfsz  cont_seg
0053   2???           00039     goto    $-2
0054   0008           00040     return
                      00041 
                      00042 
                      00043 
                      00044 
                      00069 #include "secuencia.inc"
0055                  00001 secuencia:
0055   3002           00002     movlw   .2
0056   00A8           00003     movwf   repeticiones
0057                  00004 bucle:
0057   01A5           00005     clrf    pos_tabla
0058   3002           00006     movlw   .2
0059   00A7           00007     movwf   num_secuencias
005A                  00008 bucle_2:
005A   300B           00009     movlw   .11
005B   00A6           00010     movwf   ciclos_secuencia
005C                  00011 bucle_3:
005C   2???           00012     call    cargar_valores
Message[305]: Using default destination of 1 (file).
MPASM 5.72                MAIN_SECUENCIA.ASM   3-23-2017  0:03:07         PAGE  5


LOC  OBJECT CODE     LINE SOURCE TEXT
  VALUE

005D   0AA5           00013     incf    pos_tabla
005E   0806           00014     movf    PORTB,w
005F   00A9           00015     movwf   valor_secuencia
0060   2???           00016     call    retardo_5ms
0061   2???           00017     goto    comprobacion
0062                  00018 volver_comprobacion:
Message[305]: Using default destination of 1 (file).
0062   0BA9           00019     decfsz  valor_secuencia
0063   2???           00020     goto    $-3   
0064                  00021 volver_verificar:
Message[305]: Using default destination of 1 (file).
0064   0BA6           00022     decfsz  ciclos_secuencia
0065   2???           00023     goto    bucle_3
Message[305]: Using default destination of 1 (file).
0066   0BA7           00024     decfsz  num_secuencias
0067   2???           00025     goto    bucle_2
Message[305]: Using default destination of 1 (file).
0068   0BA8           00026     decfsz  repeticiones
0069   2???           00027     goto    bucle
006A   0008           00028     return
                      00029    
006B                  00030 comprobacion:
006B   3003           00031     movlw   0x03
006C   0609           00032     xorwf   PORTE,w
006D   1D03           00033     btfss   STATUS,Z
006E   0008           00034     return
006F   2???           00035     goto    volver_comprobacion
                      00036 
0070                  00037 cargar_valores:
0070   0825           00038     movf    pos_tabla,W
0071   2???           00039     call    tabla
0072   0087           00040     movwf   PORTC
0073   0825           00041     movf    pos_tabla,W
0074   2???           00042     call    tabla2
0075   0088           00043     movwf   PORTD
0076   0008           00044     return
                      00045 
                      00046 
0077                  00047 tabla:
0077   0782           00048     addwf   PCL,F
                      00049 ;primer secuencia PORTC
0078   347F           00050     retlw   0x7F
0079   34FE           00051     retlw   0XFE
007A   34FC           00052     retlw   0XFC
007B   34F8           00053     retlw   0XF8
007C   34F0           00054     retlw   0XF0
007D   34E0           00055     retlw   0XE0
007E   34F0           00056     retlw   0XF0
007F   34F8           00057     retlw   0XF8
0080   34FC           00058     retlw   0XFC
0081   34FE           00059     retlw   0XFE
0082   347F           00060     retlw   0X7F
                      00061 ;segunda secuencia PORTC
MPASM 5.72                MAIN_SECUENCIA.ASM   3-23-2017  0:03:07         PAGE  6


LOC  OBJECT CODE     LINE SOURCE TEXT
  VALUE

0083   3401           00062     retlw   0X01
0084   3402           00063     retlw   0X02
0085   3404           00064     retlw   0X04
0086   3408           00065     retlw   0X08
0087   3490           00066     retlw   0X90
0088   3460           00067     retlw   0X60
0089   3490           00068     retlw   0X90
008A   3408           00069     retlw   0X08
008B   3404           00070     retlw   0X04
008C   3402           00071     retlw   0X02
008D   3401           00072     retlw   0X01
                      00073 
008E                  00074 tabla2:
008E   0782           00075     addwf   PCL,F
                      00076 ;primer secuencia PORTD
008F   3400           00077     retlw   0x00
0090   3400           00078     retlw   0X00
0091   3401           00079     retlw   0X01
0092   3403           00080     retlw   0X03
0093   3407           00081     retlw   0X07
0094   340F           00082     retlw   0X0F
0095   3407           00083     retlw   0X07
0096   3403           00084     retlw   0X03
0097   3401           00085     retlw   0X01
0098   3400           00086     retlw   0X00
0099   3400           00087     retlw   0X00
                      00088 ;segunda secuencia PORTD
009A   3408           00089     retlw   0X08
009B   3404           00090     retlw   0X04
009C   3402           00091     retlw   0X02
009D   3401           00092     retlw   0X01
009E   3400           00093     retlw   0X00
009F   3400           00094     retlw   0X00
00A0   3400           00095     retlw   0X00
00A1   3401           00096     retlw   0X01
00A2   3402           00097     retlw   0X02
00A3   3404           00098     retlw   0X04
00A4   3408           00099     retlw   0X08
                      00100     
                      00101    
                      00102 
                      00103 
                      00070 #include "corrimientos.inc"
00A5                  00001 corrimiento_derecha:
00A5   1003           00002     bcf     STATUS,C
00A6   3010           00003     movlw   .16
00A7   00AA           00004     movwf   corrimientos
00A8   3000           00005     movlw   0x00
00A9   0087           00006     movwf   PORTC
00AA   3080           00007     movlw   0x80
00AB   0088           00008     movwf   PORTD
Warning[207]: Found label after column 1. (p_d)
00AC                  00009     p_d:
MPASM 5.72                MAIN_SECUENCIA.ASM   3-23-2017  0:03:07         PAGE  7


LOC  OBJECT CODE     LINE SOURCE TEXT
  VALUE

00AC   0806           00010     movf    PORTB,w
00AD   00A9           00011     movwf   valor_secuencia
00AE   2???           00012     call    retardo_5ms
00AF   2???           00013     call    com
00B0   1CAB           00014     btfss   comprobaciones,1
00B1   0008           00015     return
Message[305]: Using default destination of 1 (file).
00B2   0BA9           00016     decfsz  valor_secuencia
00B3   2???           00017     goto    $-5
Message[305]: Using default destination of 1 (file).
00B4   0C88           00018     rrf     PORTD
Message[305]: Using default destination of 1 (file).
00B5   0C87           00019     rrf     PORTC
Message[305]: Using default destination of 1 (file).
00B6   0BAA           00020     decfsz  corrimientos
00B7   2???           00021     goto    p_d
00B8   0008           00022     return
                      00023     
00B9                  00024 corrimiento_izquierda:
00B9   1003           00025     bcf     STATUS,C
00BA   3010           00026     movlw   .16
00BB   00AA           00027     movwf   corrimientos
00BC   3001           00028     movlw   0x01
00BD   0087           00029     movwf   PORTC
00BE   3000           00030     movlw   0x00
00BF   0088           00031     movwf   PORTD
Warning[207]: Found label after column 1. (p_i)
00C0                  00032     p_i:
00C0   0806           00033     movf    PORTB,w
00C1   00A9           00034     movwf   valor_secuencia
00C2   2???           00035     call    retardo_5ms
00C3   2???           00036     call    com
00C4   1D2B           00037     btfss   comprobaciones,2
00C5   0008           00038     return
Message[305]: Using default destination of 1 (file).
00C6   0BA9           00039     decfsz  valor_secuencia
00C7   2???           00040     goto    $-5
Message[305]: Using default destination of 1 (file).
00C8   0D87           00041     rlf     PORTC
Message[305]: Using default destination of 1 (file).
00C9   0D88           00042     rlf     PORTD
Message[305]: Using default destination of 1 (file).
00CA   0BAA           00043     decfsz  corrimientos
00CB   2???           00044     goto    p_i
00CC   0008           00045     return
                      00046    
00CD                  00047 com:
00CD   01AB           00048     clrf    comprobaciones
00CE   3000           00049     movlw   0x00
00CF   0609           00050     xorwf   PORTE,w
00D0   1903           00051     btfsc   STATUS,Z
00D1   142B           00052     bsf     comprobaciones,0
00D2   3001           00053     movlw   0x01
MPASM 5.72                MAIN_SECUENCIA.ASM   3-23-2017  0:03:07         PAGE  8


LOC  OBJECT CODE     LINE SOURCE TEXT
  VALUE

00D3   0609           00054     xorwf   PORTE,w
00D4   1903           00055     btfsc   STATUS,Z
00D5   14AB           00056     bsf     comprobaciones,1
00D6   3002           00057     movlw   0x02
00D7   0609           00058     xorwf   PORTE,w
00D8   1903           00059     btfsc   STATUS,Z
00D9   152B           00060     bsf     comprobaciones,2
00DA   3003           00061     movlw   0x03
00DB   0609           00062     xorwf   PORTE,w
00DC   1903           00063     btfsc   STATUS,Z
00DD   15AB           00064     bsf     comprobaciones,3
00DE   0008           00065     return
                      00066     
                      00067     
                      00068 
                      00069 
23F4 3EFF             00071     end
MPASM 5.72                MAIN_SECUENCIA.ASM   3-23-2017  0:03:07         PAGE  9


SYMBOL TABLE
  LABEL                             VALUE 

ABDEN                             00000000
ABDOVF                            00000007
ACKDT                             00000005
ACKEN                             00000004
ACKSTAT                           00000006
ADCON0                            0000001F
ADCON1                            0000009F
ADCS0                             00000006
ADCS1                             00000007
ADDEN                             00000003
ADFM                              00000007
ADIE                              00000006
ADIF                              00000006
ADON                              00000000
ADRESH                            0000001E
ADRESL                            0000009E
ANS0                              00000000
ANS1                              00000001
ANS10                             00000002
ANS11                             00000003
ANS12                             00000004
ANS13                             00000005
ANS2                              00000002
ANS3                              00000003
ANS4                              00000004
ANS5                              00000005
ANS6                              00000006
ANS7                              00000007
ANS8                              00000000
ANS9                              00000001
ANSEL                             00000188
ANSELH                            00000189
BAUDCTL                           00000187
BCLIE                             00000003
BCLIF                             00000003
BF                                00000000
BRG0                              00000000
BRG1                              00000001
BRG10                             00000002
BRG11                             00000003
BRG12                             00000004
BRG13                             00000005
BRG14                             00000006
BRG15                             00000007
BRG16                             00000003
BRG2                              00000002
BRG3                              00000003
BRG4                              00000004
BRG5                              00000005
BRG6                              00000006
BRG7                              00000007
BRG8                              00000000
BRG9                              00000001
MPASM 5.72                MAIN_SECUENCIA.ASM   3-23-2017  0:03:07         PAGE 10


SYMBOL TABLE
  LABEL                             VALUE 

BRGH                              00000002
C                                 00000000
C1CH0                             00000000
C1CH1                             00000001
C1IE                              00000005
C1IF                              00000005
C1OE                              00000005
C1ON                              00000007
C1OUT                             00000006
C1POL                             00000004
C1R                               00000002
C1RSEL                            00000005
C1SEN                             00000005
C2CH0                             00000000
C2CH1                             00000001
C2IE                              00000006
C2IF                              00000006
C2OE                              00000005
C2ON                              00000007
C2OUT                             00000006
C2POL                             00000004
C2R                               00000002
C2REN                             00000004
C2RSEL                            00000004
C2SYNC                            00000000
CCP1CON                           00000017
CCP1IE                            00000002
CCP1IF                            00000002
CCP1M0                            00000000
CCP1M1                            00000001
CCP1M2                            00000002
CCP1M3                            00000003
CCP1X                             00000005
CCP1Y                             00000004
CCP2CON                           0000001D
CCP2IE                            00000000
CCP2IF                            00000000
CCP2M0                            00000000
CCP2M1                            00000001
CCP2M2                            00000002
CCP2M3                            00000003
CCP2X                             00000005
CCP2Y                             00000004
CCPR1                             00000015
CCPR1H                            00000016
CCPR1L                            00000015
CCPR2                             0000001B
CCPR2H                            0000001C
CCPR2L                            0000001B
CHS0                              00000002
CHS1                              00000003
CHS2                              00000004
CHS3                              00000005
MPASM 5.72                MAIN_SECUENCIA.ASM   3-23-2017  0:03:07         PAGE 11


SYMBOL TABLE
  LABEL                             VALUE 

CKE                               00000006
CKP                               00000004
CM1CON0                           00000107
CM2CON0                           00000108
CM2CON1                           00000109
CONFIG1                           00000020
CREN                              00000004
CSRC                              00000007
D                                 00000005
DATA_ADDRESS                      00000005
DC                                00000001
DC1B0                             00000004
DC1B1                             00000005
DC2B0                             00000004
DC2B1                             00000005
D_A                               00000005
D_NOT_A                           00000005
ECCPAS                            0000009C
ECCPAS0                           00000004
ECCPAS1                           00000005
ECCPAS2                           00000006
ECCPASE                           00000007
EEADR                             0000010D
EEADRH                            0000010F
EECON1                            0000018C
EECON2                            0000018D
EEDAT                             0000010C
EEDATA                            0000010C
EEDATH                            0000010E
EEIE                              00000004
EEIF                              00000004
EEPGD                             00000007
F                                 00000001
FERR                              00000002
FSR                               00000004
FVREN                             00000000
GCEN                              00000007
GIE                               00000007
GO                                00000001
GO_DONE                           00000001
GO_NOT_DONE                       00000001
HTS                               00000002
I2C_DATA                          00000005
I2C_READ                          00000002
I2C_START                         00000003
I2C_STOP                          00000004
INDF                              00000000
INTCON                            0000000B
INTE                              00000004
INTEDG                            00000006
INTF                              00000001
IOCB                              00000096
IOCB0                             00000000
MPASM 5.72                MAIN_SECUENCIA.ASM   3-23-2017  0:03:07         PAGE 12


SYMBOL TABLE
  LABEL                             VALUE 

IOCB1                             00000001
IOCB2                             00000002
IOCB3                             00000003
IOCB4                             00000004
IOCB5                             00000005
IOCB6                             00000006
IOCB7                             00000007
IRCF0                             00000004
IRCF1                             00000005
IRCF2                             00000006
IRP                               00000007
LTS                               00000001
MC1OUT                            00000007
MC2OUT                            00000006
MSK                               00000093
MSK0                              00000000
MSK1                              00000001
MSK2                              00000002
MSK3                              00000003
MSK4                              00000004
MSK5                              00000005
MSK6                              00000006
MSK7                              00000007
NOT_A                             00000005
NOT_ADDRESS                       00000005
NOT_BO                            00000000
NOT_BOR                           00000000
NOT_DONE                          00000001
NOT_PD                            00000003
NOT_POR                           00000001
NOT_RBPU                          00000007
NOT_RC8                           00000006
NOT_T1SYNC                        00000002
NOT_TO                            00000004
NOT_TX8                           00000006
NOT_W                             00000002
NOT_WRITE                         00000002
OERR                              00000001
OPTION_REG                        00000081
OSCCON                            0000008F
OSCTUNE                           00000090
OSFIE                             00000007
OSFIF                             00000007
OSTS                              00000003
P                                 00000004
P1M0                              00000006
P1M1                              00000007
PCL                               00000002
PCLATH                            0000000A
PCON                              0000008E
PDC0                              00000000
PDC1                              00000001
PDC2                              00000002
MPASM 5.72                MAIN_SECUENCIA.ASM   3-23-2017  0:03:07         PAGE 13


SYMBOL TABLE
  LABEL                             VALUE 

PDC3                              00000003
PDC4                              00000004
PDC5                              00000005
PDC6                              00000006
PEIE                              00000006
PEN                               00000002
PIE1                              0000008C
PIE2                              0000008D
PIR1                              0000000C
PIR2                              0000000D
PORTA                             00000005
PORTB                             00000006
PORTC                             00000007
PORTD                             00000008
PORTE                             00000009
PR2                               00000092
PRSEN                             00000007
PS0                               00000000
PS1                               00000001
PS2                               00000002
PSA                               00000003
PSSAC0                            00000002
PSSAC1                            00000003
PSSBD0                            00000000
PSSBD1                            00000001
PSTRCON                           0000009D
PULSR                             00000002
PULSS                             00000003
PWM1CON                           0000009B
R                                 00000002
RA0                               00000000
RA1                               00000001
RA2                               00000002
RA3                               00000003
RA4                               00000004
RA5                               00000005
RA6                               00000006
RA7                               00000007
RB0                               00000000
RB1                               00000001
RB2                               00000002
RB3                               00000003
RB4                               00000004
RB5                               00000005
RB6                               00000006
RB7                               00000007
RBIE                              00000003
RBIF                              00000000
RC0                               00000000
RC1                               00000001
RC2                               00000002
RC3                               00000003
RC4                               00000004
MPASM 5.72                MAIN_SECUENCIA.ASM   3-23-2017  0:03:07         PAGE 14


SYMBOL TABLE
  LABEL                             VALUE 

RC5                               00000005
RC6                               00000006
RC7                               00000007
RC8_9                             00000006
RC9                               00000006
RCD8                              00000000
RCEN                              00000003
RCIDL                             00000006
RCIE                              00000005
RCIF                              00000005
RCREG                             0000001A
RCSTA                             00000018
RD                                00000000
RD0                               00000000
RD1                               00000001
RD2                               00000002
RD3                               00000003
RD4                               00000004
RD5                               00000005
RD6                               00000006
RD7                               00000007
RE0                               00000000
RE1                               00000001
RE2                               00000002
RE3                               00000003
READ_WRITE                        00000002
RP0                               00000005
RP1                               00000006
RSEN                              00000001
RX9                               00000006
RX9D                              00000000
R_NOT_W                           00000002
R_W                               00000002
S                                 00000003
SBOREN                            00000004
SCKP                              00000004
SCS                               00000000
SEN                               00000000
SENDB                             00000003
SMP                               00000007
SPBRG                             00000099
SPBRGH                            0000009A
SPEN                              00000007
SR0                               00000006
SR1                               00000007
SRCON                             00000185
SREN                              00000005
SSPADD                            00000093
SSPBUF                            00000013
SSPCON                            00000014
SSPCON2                           00000091
SSPEN                             00000005
SSPIE                             00000003
MPASM 5.72                MAIN_SECUENCIA.ASM   3-23-2017  0:03:07         PAGE 15


SYMBOL TABLE
  LABEL                             VALUE 

SSPIF                             00000003
SSPM0                             00000000
SSPM1                             00000001
SSPM2                             00000002
SSPM3                             00000003
SSPMSK                            00000093
SSPOV                             00000006
SSPSTAT                           00000094
STATUS                            00000003
STRA                              00000000
STRB                              00000001
STRC                              00000002
STRD                              00000003
STRSYNC                           00000004
SWDTEN                            00000000
SYNC                              00000004
T0CS                              00000005
T0IE                              00000005
T0IF                              00000002
T0SE                              00000004
T1CKPS0                           00000004
T1CKPS1                           00000005
T1CON                             00000010
T1GINV                            00000007
T1GIV                             00000007
T1GSS                             00000001
T1INSYNC                          00000002
T1OSCEN                           00000003
T1SYNC                            00000002
T2CKPS0                           00000000
T2CKPS1                           00000001
T2CON                             00000012
TMR0                              00000001
TMR0IE                            00000005
TMR0IF                            00000002
TMR1                              0000000E
TMR1CS                            00000001
TMR1GE                            00000006
TMR1H                             0000000F
TMR1IE                            00000000
TMR1IF                            00000000
TMR1L                             0000000E
TMR1ON                            00000000
TMR2                              00000011
TMR2IE                            00000001
TMR2IF                            00000001
TMR2ON                            00000002
TOUTPS0                           00000003
TOUTPS1                           00000004
TOUTPS2                           00000005
TOUTPS3                           00000006
TRISA                             00000085
TRISA0                            00000000
MPASM 5.72                MAIN_SECUENCIA.ASM   3-23-2017  0:03:07         PAGE 16


SYMBOL TABLE
  LABEL                             VALUE 

TRISA1                            00000001
TRISA2                            00000002
TRISA3                            00000003
TRISA4                            00000004
TRISA5                            00000005
TRISA6                            00000006
TRISA7                            00000007
TRISB                             00000086
TRISB0                            00000000
TRISB1                            00000001
TRISB2                            00000002
TRISB3                            00000003
TRISB4                            00000004
TRISB5                            00000005
TRISB6                            00000006
TRISB7                            00000007
TRISC                             00000087
TRISC0                            00000000
TRISC1                            00000001
TRISC2                            00000002
TRISC3                            00000003
TRISC4                            00000004
TRISC5                            00000005
TRISC6                            00000006
TRISC7                            00000007
TRISD                             00000088
TRISD0                            00000000
TRISD1                            00000001
TRISD2                            00000002
TRISD3                            00000003
TRISD4                            00000004
TRISD5                            00000005
TRISD6                            00000006
TRISD7                            00000007
TRISE                             00000089
TRISE0                            00000000
TRISE1                            00000001
TRISE2                            00000002
TRISE3                            00000003
TRMT                              00000001
TUN0                              00000000
TUN1                              00000001
TUN2                              00000002
TUN3                              00000003
TUN4                              00000004
TX8_9                             00000006
TX9                               00000006
TX9D                              00000000
TXD8                              00000000
TXEN                              00000005
TXIE                              00000004
TXIF                              00000004
TXREG                             00000019
MPASM 5.72                MAIN_SECUENCIA.ASM   3-23-2017  0:03:07         PAGE 17


SYMBOL TABLE
  LABEL                             VALUE 

TXSTA                             00000098
UA                                00000001
ULPWUE                            00000005
ULPWUIE                           00000002
ULPWUIF                           00000002
VCFG0                             00000004
VCFG1                             00000005
VR0                               00000000
VR1                               00000001
VR2                               00000002
VR3                               00000003
VRCON                             00000097
VREN                              00000007
VROE                              00000006
VRR                               00000005
VRSS                              00000004
W                                 00000000
WCOL                              00000007
WDTCON                            00000105
WDTPS0                            00000001
WDTPS1                            00000002
WDTPS2                            00000003
WDTPS3                            00000004
WPUB                              00000095
WPUB0                             00000000
WPUB1                             00000001
WPUB2                             00000002
WPUB3                             00000003
WPUB4                             00000004
WPUB5                             00000005
WPUB6                             00000006
WPUB7                             00000007
WR                                00000001
WREN                              00000002
WRERR                             00000003
WUE                               00000001
Z                                 00000002
_.org_0_003D                      0000003D
_.org_0_0047                      00000047
_.org_0_004D                      0000004D
_.org_0_0053                      00000053
_.org_0_0063                      00000063
_.org_0_00B3                      000000B3
_.org_0_00C7                      000000C7
_BOR21V                           00003EFF
_BOR40V                           00003FFF
_BOR4V_BOR21V                     00003EFF
_BOR4V_BOR40V                     00003FFF
_BOREN_NSLEEP                     00003EFF
_BOREN_OFF                        00003CFF
_BOREN_ON                         00003FFF
_BOREN_SBODEN                     00003DFF
_BOR_NSLEEP                       00003EFF
MPASM 5.72                MAIN_SECUENCIA.ASM   3-23-2017  0:03:07         PAGE 18


SYMBOL TABLE
  LABEL                             VALUE 

_BOR_OFF                          00003CFF
_BOR_ON                           00003FFF
_BOR_SBODEN                       00003DFF
_CONFIG1                          00002007
_CONFIG2                          00002008
_CPD_OFF                          00003FFF
_CPD_ON                           00003F7F
_CP_OFF                           00003FFF
_CP_ON                            00003FBF
_DEBUG_OFF                        00003FFF
_DEBUG_ON                         00001FFF
_DEVID1                           00002006
_EC_OSC                           00003FFB
_EXTRC                            00003FFF
_EXTRCIO                          00003FFE
_EXTRC_OSC_CLKOUT                 00003FFF
_EXTRC_OSC_NOCLKOUT               00003FFE
_FCMEN_OFF                        000037FF
_FCMEN_ON                         00003FFF
_FOSC_EC                          00003FFB
_FOSC_EXTRC_CLKOUT                00003FFF
_FOSC_EXTRC_NOCLKOUT              00003FFE
_FOSC_HS                          00003FFA
_FOSC_INTRC_CLKOUT                00003FFD
_FOSC_INTRC_NOCLKOUT              00003FFC
_FOSC_LP                          00003FF8
_FOSC_XT                          00003FF9
_HS_OSC                           00003FFA
_IDLOC0                           00002000
_IDLOC1                           00002001
_IDLOC2                           00002002
_IDLOC3                           00002003
_IESO_OFF                         00003BFF
_IESO_ON                          00003FFF
_INTOSC                           00003FFD
_INTOSCIO                         00003FFC
_INTRC_OSC_CLKOUT                 00003FFD
_INTRC_OSC_NOCLKOUT               00003FFC
_LP_OSC                           00003FF8
_LVP_OFF                          00002FFF
_LVP_ON                           00003FFF
_MCLRE_OFF                        00003FDF
_MCLRE_ON                         00003FFF
_PWRTE_OFF                        00003FFF
_PWRTE_ON                         00003FEF
_WDTE_OFF                         00003FF7
_WDTE_ON                          00003FFF
_WDT_OFF                          00003FF7
_WDT_ON                           00003FFF
_WRT_1FOURTH                      00003BFF
_WRT_256                          00003DFF
_WRT_HALF                         000039FF
_WRT_OFF                          00003FFF
MPASM 5.72                MAIN_SECUENCIA.ASM   3-23-2017  0:03:07         PAGE 19


SYMBOL TABLE
  LABEL                             VALUE 

_XT_OSC                           00003FF9
__16F887                          00000001
bucle                             00000057
bucle_2                           0000005A
bucle_3                           0000005C
cargar_valores                    00000070
ciclo1                            0000003A
ciclo2                            00000038
ciclos_secuencia                  00000026
com                               000000CD
comprobacion                      0000006B
comprobaciones                    0000002B
cont1                             00000020
cont2                             00000021
cont3                             00000022
cont_seg                          00000024
corrimiento_derecha               000000A5
corrimiento_izquierda             000000B9
corrimientos                      0000002A
inicio                            00000002
num_secuencias                    00000027
op1                               00000013
op2                               00000017
op3                               0000001A
op4                               0000001D
osc_conf                          00000020
p_d                               000000AC
p_i                               000000C0
port_conf                         00000027
pos_tabla                         00000025
repeticiones                      00000028
retardo                           00000023
retardo_25ms                      00000043
retardo_500ms                     0000004F
retardo_50ms                      00000049
retardo_5ms                       00000036
revisar                           00000002
secuencia                         00000055
tabla                             00000077
tabla2                            0000008E
valor_secuencia                   00000029
volver_comprobacion               00000062
volver_verificar                  00000064

Errors   :     0
Warnings :     8 reported,     0 suppressed
Messages :    27 reported,     0 suppressed

