Warning[205] C:\PROYECTOS MICRO_C\SECUENCIA_PARCIAL\SECUENCIA_PARCIAL.X\MAIN_SECUENCIA.ASM 1 : Found directive in column 1. (LIST)
Warning[207] C:\PROYECTOS MICRO_C\SECUENCIA_PARCIAL\SECUENCIA_PARCIAL.X\MAIN_SECUENCIA.ASM 44 : Found label after column 1. (op1)
Warning[207] C:\PROYECTOS MICRO_C\SECUENCIA_PARCIAL\SECUENCIA_PARCIAL.X\MAIN_SECUENCIA.ASM 48 : Found label after column 1. (op2)
Warning[207] C:\PROYECTOS MICRO_C\SECUENCIA_PARCIAL\SECUENCIA_PARCIAL.X\MAIN_SECUENCIA.ASM 52 : Found label after column 1. (op3)
Warning[207] C:\PROYECTOS MICRO_C\SECUENCIA_PARCIAL\SECUENCIA_PARCIAL.X\MAIN_SECUENCIA.ASM 56 : Found label after column 1. (op4)
Warning[207] C:\PROYECTOS MICRO_C\SECUENCIA_PARCIAL\SECUENCIA_PARCIAL.X\CONFIGURACION.INC 1 : Found label after column 1. (CONFIG1)
Message[310] C:\PROYECTOS MICRO_C\SECUENCIA_PARCIAL\SECUENCIA_PARCIAL.X\P16F887.INC 1522 : Superseding current maximum RAM and RAM map.
Message[302] C:\PROYECTOS MICRO_C\SECUENCIA_PARCIAL\SECUENCIA_PARCIAL.X\CONFIGURACION.INC 29 : Register in operand not in bank 0.  Ensure that bank bits are correct.
Message[302] C:\PROYECTOS MICRO_C\SECUENCIA_PARCIAL\SECUENCIA_PARCIAL.X\CONFIGURACION.INC 30 : Register in operand not in bank 0.  Ensure that bank bits are correct.
Message[302] C:\PROYECTOS MICRO_C\SECUENCIA_PARCIAL\SECUENCIA_PARCIAL.X\CONFIGURACION.INC 31 : Register in operand not in bank 0.  Ensure that bank bits are correct.
Message[302] C:\PROYECTOS MICRO_C\SECUENCIA_PARCIAL\SECUENCIA_PARCIAL.X\CONFIGURACION.INC 32 : Register in operand not in bank 0.  Ensure that bank bits are correct.
Message[302] C:\PROYECTOS MICRO_C\SECUENCIA_PARCIAL\SECUENCIA_PARCIAL.X\CONFIGURACION.INC 34 : Register in operand not in bank 0.  Ensure that bank bits are correct.
Message[302] C:\PROYECTOS MICRO_C\SECUENCIA_PARCIAL\SECUENCIA_PARCIAL.X\CONFIGURACION.INC 36 : Register in operand not in bank 0.  Ensure that bank bits are correct.
Message[302] C:\PROYECTOS MICRO_C\SECUENCIA_PARCIAL\SECUENCIA_PARCIAL.X\CONFIGURACION.INC 37 : Register in operand not in bank 0.  Ensure that bank bits are correct.
Message[305] C:\PROYECTOS MICRO_C\SECUENCIA_PARCIAL\SECUENCIA_PARCIAL.X\RETARDOS.INC 10 : Using default destination of 1 (file).
Message[305] C:\PROYECTOS MICRO_C\SECUENCIA_PARCIAL\SECUENCIA_PARCIAL.X\RETARDOS.INC 12 : Using default destination of 1 (file).
Message[305] C:\PROYECTOS MICRO_C\SECUENCIA_PARCIAL\SECUENCIA_PARCIAL.X\RETARDOS.INC 14 : Using default destination of 1 (file).
Message[305] C:\PROYECTOS MICRO_C\SECUENCIA_PARCIAL\SECUENCIA_PARCIAL.X\RETARDOS.INC 22 : Using default destination of 1 (file).
Message[305] C:\PROYECTOS MICRO_C\SECUENCIA_PARCIAL\SECUENCIA_PARCIAL.X\RETARDOS.INC 30 : Using default destination of 1 (file).
Message[305] C:\PROYECTOS MICRO_C\SECUENCIA_PARCIAL\SECUENCIA_PARCIAL.X\SECUENCIA.INC 13 : Using default destination of 1 (file).
Message[305] C:\PROYECTOS MICRO_C\SECUENCIA_PARCIAL\SECUENCIA_PARCIAL.X\SECUENCIA.INC 16 : Using default destination of 1 (file).
Message[305] C:\PROYECTOS MICRO_C\SECUENCIA_PARCIAL\SECUENCIA_PARCIAL.X\SECUENCIA.INC 18 : Using default destination of 1 (file).
Message[305] C:\PROYECTOS MICRO_C\SECUENCIA_PARCIAL\SECUENCIA_PARCIAL.X\SECUENCIA.INC 20 : Using default destination of 1 (file).
